\BOOKMARK [0][-]{Doc-Start}{Dedicatoria}{}% 1
\BOOKMARK [0][-]{chapter*.1}{Agradecimientos}{}% 2
\BOOKMARK [0][-]{chapter*.2}{Resumen}{}% 3
\BOOKMARK [0][-]{chapter*.3}{\315ndice General}{}% 4
\BOOKMARK [0][-]{chapter*.4}{\315ndice de Cuadros}{}% 5
\BOOKMARK [0][-]{chapter*.5}{\315ndice de Figuras}{}% 6
\BOOKMARK [0][-]{chapter*.6}{Introducci\363n}{}% 7
\BOOKMARK [0][-]{chapter.1}{El problema}{}% 8
\BOOKMARK [1][-]{section.1.1}{Planteamiento y formulaci\363n}{chapter.1}% 9
\BOOKMARK [1][-]{section.1.2}{Objetivos}{chapter.1}% 10
\BOOKMARK [2][-]{subsection.1.2.1}{Objetivo general}{section.1.2}% 11
\BOOKMARK [2][-]{subsection.1.2.2}{Objetivos espec\355ficos}{section.1.2}% 12
\BOOKMARK [1][-]{section.1.3}{Justificaci\363n e importancia}{chapter.1}% 13
\BOOKMARK [1][-]{section.1.4}{Alcance y limitaciones}{chapter.1}% 14
\BOOKMARK [0][-]{chapter.2}{Fundamentos te\363ricos}{}% 15
\BOOKMARK [1][-]{section.2.1}{Antecedentes}{chapter.2}% 16
\BOOKMARK [1][-]{section.2.2}{Bases te\363ricas}{chapter.2}% 17
\BOOKMARK [2][-]{subsection.2.2.1}{Estudios longitudinales}{section.2.2}% 18
\BOOKMARK [2][-]{subsection.2.2.2}{An\341lisis de datos longitudinales}{section.2.2}% 19
\BOOKMARK [2][-]{subsection.2.2.3}{Datos longitudinales en el VIH}{section.2.2}% 20
\BOOKMARK [2][-]{subsection.2.2.4}{M\363delos lineales mixtos}{section.2.2}% 21
\BOOKMARK [2][-]{subsection.2.2.5}{M\363delos lineales mixtos en el an\341lisis de datos longitudinales}{section.2.2}% 22
\BOOKMARK [2][-]{subsection.2.2.6}{VIH}{section.2.2}% 23
\BOOKMARK [2][-]{subsection.2.2.7}{SIDA}{section.2.2}% 24
\BOOKMARK [2][-]{subsection.2.2.8}{Relaci\363n VIH - T+CD4 - T+CD8}{section.2.2}% 25
\BOOKMARK [2][-]{subsection.2.2.9}{Clasificaci\363n establecida de la infecci\363n por el VIH y enfermedades relacionadas}{section.2.2}% 26
\BOOKMARK [2][-]{subsection.2.2.10}{Clasificaci\363n cl\355nica de la infecci\363n establecida por el VIH }{section.2.2}% 27
\BOOKMARK [2][-]{subsection.2.2.11}{Clasificaci\363n inmunol\363gica para la infecci\363n establecida por el VIH}{section.2.2}% 28
\BOOKMARK [2][-]{subsection.2.2.12}{VIH en Venezuela}{section.2.2}% 29
\BOOKMARK [2][-]{subsection.2.2.13}{Lenguaje R para el computo estad\355stico}{section.2.2}% 30
\BOOKMARK [2][-]{subsection.2.2.14}{Adquisici\363n y licencia}{section.2.2}% 31
\BOOKMARK [2][-]{subsection.2.2.15}{Interfaz de usuario}{section.2.2}% 32
\BOOKMARK [2][-]{subsection.2.2.16}{Lenguaje de programaci\363n}{section.2.2}% 33
\BOOKMARK [2][-]{subsection.2.2.17}{Shiny}{section.2.2}% 34
\BOOKMARK [0][-]{chapter.3}{Fundamentos metodol\363gicos}{}% 35
\BOOKMARK [1][-]{section.3.1}{Enfoque de la investigaci\363n}{chapter.3}% 36
\BOOKMARK [1][-]{section.3.2}{Tipo o nivel de investigaci\363n}{chapter.3}% 37
\BOOKMARK [1][-]{section.3.3}{Dise\361o de investigaci\363n}{chapter.3}% 38
\BOOKMARK [1][-]{section.3.4}{Poblaci\363n y muestra}{chapter.3}% 39
\BOOKMARK [1][-]{section.3.5}{T\351cnicas e instrumentaci\363n para la recolecci\363n de datos}{chapter.3}% 40
\BOOKMARK [1][-]{section.3.6}{Entorno de trabajo}{chapter.3}% 41
\BOOKMARK [2][-]{subsection.3.6.1}{Software de desarrollo}{section.3.6}% 42
\BOOKMARK [2][-]{subsection.3.6.2}{Hardware utilizado}{section.3.6}% 43
\BOOKMARK [1][-]{section.3.7}{Metodolog\355a}{chapter.3}% 44
\BOOKMARK [0][-]{chapter.4}{Desarrollo de la investigaci\363n}{}% 45
\BOOKMARK [1][-]{section.4.1}{Desarrollo}{chapter.4}% 46
\BOOKMARK [1][-]{section.4.2}{Etapa 1}{chapter.4}% 47
\BOOKMARK [1][-]{section.4.3}{Etapa 2}{chapter.4}% 48
\BOOKMARK [1][-]{section.4.4}{Etapa 3}{chapter.4}% 49
\BOOKMARK [2][-]{subsection.4.4.1}{Manejo de versiones}{section.4.4}% 50
\BOOKMARK [2][-]{subsection.4.4.2}{Filtrado de los datos}{section.4.4}% 51
\BOOKMARK [2][-]{subsection.4.4.3}{Exploraci\363n de datos}{section.4.4}% 52
\BOOKMARK [2][-]{subsection.4.4.4}{Ajuste del modelo}{section.4.4}% 53
\BOOKMARK [2][-]{subsection.4.4.5}{Validaci\363n del modelo}{section.4.4}% 54
\BOOKMARK [2][-]{subsection.4.4.6}{Generaci\363n del reporte}{section.4.4}% 55
\BOOKMARK [2][-]{subsection.4.4.7}{Visualizaci\363n en el mapa}{section.4.4}% 56
\BOOKMARK [1][-]{section.4.5}{Etapa 4}{chapter.4}% 57
\BOOKMARK [0][-]{chapter.5}{Conclusiones y recomendaciones}{}% 58
\BOOKMARK [1][-]{section.5.1}{Recomendaciones}{chapter.5}% 59
\BOOKMARK [0][-]{appendix.Alph1}{Definici\363n de T\351rminos}{}% 60
\BOOKMARK [0][-]{appendix.Alph2}{Manual de usuario}{}% 61
\BOOKMARK [0][-]{section*.11}{Bibliograf\355a}{}% 62
